<?xml version="1.0" encoding="UTF-8"?>
<!-- Generated by org.testng.reporters.JUnitReportReporter -->
<testsuite hostname="DESKTOP-T269HJN" failures="0" tests="4" name="com.herokuapp.theinternet.NegativeTests" time="85.591" errors="0" timestamp="23 jun. 2021 14:58:31 GMT" skipped="0">
  <testcase classname="com.herokuapp.theinternet.NegativeTests" name="negativeTest" time="18.029"/>
  <testcase classname="com.herokuapp.theinternet.NegativeTests" name="negativeTest" time="18.786"/>
  <testcase classname="com.herokuapp.theinternet.NegativeTests" name="negativeTest" time="24.147"/>
  <testcase classname="com.herokuapp.theinternet.NegativeTests" name="negativeTest" time="24.629"/>
</testsuite> <!-- com.herokuapp.theinternet.NegativeTests -->
