<?xml version="1.0" encoding="UTF-8"?>
<!-- Generated by org.testng.reporters.JUnitReportReporter -->
<testsuite hostname="DESKTOP-T269HJN" failures="0" tests="5" name="com.herokuapp.theinternet.alertstests.AlertsTests" time="117.356" errors="0" timestamp="2021-07-06T17:12:51 MSK" skipped="0">
  <testcase classname="com.herokuapp.theinternet.alertstests.AlertsTests" name="jSAlertTest" time="14.928"/>
  <testcase classname="com.herokuapp.theinternet.alertstests.AlertsTests" name="jSConfirmButtonAceptTest" time="47.078"/>
  <testcase classname="com.herokuapp.theinternet.alertstests.AlertsTests" name="jSConfirmButtonCancelTest" time="27.271"/>
  <testcase classname="com.herokuapp.theinternet.alertstests.AlertsTests" name="jSPromptAceptButtonTest" time="13.939"/>
  <testcase classname="com.herokuapp.theinternet.alertstests.AlertsTests" name="jSPromptCancelButtonTest" time="14.140"/>
</testsuite> <!-- com.herokuapp.theinternet.alertstests.AlertsTests -->
