<?xml version="1.0" encoding="UTF-8"?>
<!-- Generated by org.testng.reporters.JUnitReportReporter -->
<testsuite hostname="DESKTOP-T269HJN" failures="0" tests="2" name="com.herokuapp.theinternet.dropdowntests.DropdownTests" time="21.770" errors="0" timestamp="2021-07-02T15:57:03 MSK" skipped="0">
  <testcase classname="com.herokuapp.theinternet.dropdowntests.DropdownTests" name="optionTwoTest" time="9.799"/>
  <testcase classname="com.herokuapp.theinternet.dropdowntests.DropdownTests" name="optionTwoTest" time="11.971"/>
</testsuite> <!-- com.herokuapp.theinternet.dropdowntests.DropdownTests -->
